<?xml version="1.0" encoding="UTF-8"?>
<!-- Generated by org.testng.reporters.JUnitReportReporter -->
<testsuite skipped="0" hostname="Chinthia" name="com.tests.AdactinLogin" tests="1" failures="0" timestamp="2023-02-13T22:09:00 IST" time="2.302" errors="0">
  <testcase name="loginTC1" time="2.302" classname="com.tests.AdactinLogin"/>
  <system-out/>
</testsuite> <!-- com.tests.AdactinLogin -->
